0 info it worked if it ends with ok
1 verbose cli [ 'node', '/usr/bin/npm', 'install', 'grunt-karma', '--save-dev' ]
2 info using npm@2.9.1
3 info using node@v0.10.36
4 verbose install initial load of /home/louis/Documents/testU/package.json
5 warn package.json sunrise-frontend-challenge@0.0.1 No description
6 verbose installManyTop reading scoped package data from /home/louis/Documents/testU/node_modules/bower/package.json
7 verbose installManyTop reading scoped package data from /home/louis/Documents/testU/node_modules/grunt/package.json
8 verbose installManyTop reading scoped package data from /home/louis/Documents/testU/node_modules/grunt-contrib-connect/package.json
9 verbose installManyTop reading scoped package data from /home/louis/Documents/testU/node_modules/grunt-contrib-jshint/package.json
10 verbose installManyTop reading scoped package data from /home/louis/Documents/testU/node_modules/grunt-contrib-nodeunit/package.json
11 verbose installManyTop reading scoped package data from /home/louis/Documents/testU/node_modules/grunt-contrib-uglify/package.json
12 verbose installManyTop reading scoped package data from /home/louis/Documents/testU/node_modules/grunt-contrib-watch/package.json
13 verbose installManyTop reading scoped package data from /home/louis/Documents/testU/node_modules/grunt-protractor-runner/package.json
14 verbose installManyTop reading scoped package data from /home/louis/Documents/testU/node_modules/grunt-sass/package.json
15 verbose installManyTop reading scoped package data from /home/louis/Documents/testU/node_modules/grunt-serve/package.json
16 verbose installManyTop reading scoped package data from /home/louis/Documents/testU/node_modules/karma/package.json
17 verbose installManyTop reading scoped package data from /home/louis/Documents/testU/node_modules/karma-chrome-launcher/package.json
18 verbose installManyTop reading scoped package data from /home/louis/Documents/testU/node_modules/karma-coffee-preprocessor/package.json
19 verbose installManyTop reading scoped package data from /home/louis/Documents/testU/node_modules/karma-firefox-launcher/package.json
20 verbose installManyTop reading scoped package data from /home/louis/Documents/testU/node_modules/karma-html2js-preprocessor/package.json
21 verbose installManyTop reading scoped package data from /home/louis/Documents/testU/node_modules/karma-jasmine/package.json
22 verbose installManyTop reading scoped package data from /home/louis/Documents/testU/node_modules/karma-phantomjs-launcher/package.json
23 verbose installManyTop reading scoped package data from /home/louis/Documents/testU/node_modules/karma-requirejs/package.json
24 verbose installManyTop reading scoped package data from /home/louis/Documents/testU/node_modules/karma-script-launcher/package.json
25 verbose installManyTop reading scoped package data from /home/louis/Documents/testU/node_modules/matchdep/package.json
26 verbose installManyTop reading scoped package data from /home/louis/Documents/testU/node_modules/protractor/package.json
27 verbose installManyTop reading scoped package data from /home/louis/Documents/testU/node_modules/requirejs/package.json
28 verbose readDependencies loading dependencies from /home/louis/Documents/testU/package.json
29 silly cache add args [ 'grunt-karma', null ]
30 verbose cache add spec grunt-karma
31 silly cache add parsed spec { raw: 'grunt-karma',
31 silly cache add   scope: null,
31 silly cache add   name: 'grunt-karma',
31 silly cache add   rawSpec: '',
31 silly cache add   spec: '*',
31 silly cache add   type: 'range' }
32 silly addNamed grunt-karma@*
33 verbose addNamed "*" is a valid semver range for grunt-karma
34 silly addNameRange { name: 'grunt-karma', range: '*', hasData: false }
35 silly mapToRegistry name grunt-karma
36 silly mapToRegistry using default registry
37 silly mapToRegistry registry https://registry.npmjs.org/
38 silly mapToRegistry uri https://registry.npmjs.org/grunt-karma
39 verbose addNameRange registry:https://registry.npmjs.org/grunt-karma not in flight; fetching
40 verbose request uri https://registry.npmjs.org/grunt-karma
41 verbose request no auth needed
42 info attempt registry request try #1 at 15:35:26
43 verbose request id 097c8897f3b58696
44 verbose etag "8XHQBQA623X12XHRMMHKQQM9Q"
45 http request GET https://registry.npmjs.org/grunt-karma
46 http 304 https://registry.npmjs.org/grunt-karma
47 silly get cb [ 304,
47 silly get   { date: 'Thu, 04 Jun 2015 13:35:26 GMT',
47 silly get     via: '1.1 varnish',
47 silly get     'cache-control': 'max-age=60',
47 silly get     etag: '"8XHQBQA623X12XHRMMHKQQM9Q"',
47 silly get     age: '38',
47 silly get     connection: 'keep-alive',
47 silly get     'x-served-by': 'cache-ams4134-AMS',
47 silly get     'x-cache': 'HIT',
47 silly get     'x-cache-hits': '1',
47 silly get     'x-timer': 'S1433424926.789137,VS0,VE0',
47 silly get     vary: 'Accept' } ]
48 verbose etag https://registry.npmjs.org/grunt-karma from cache
49 verbose get saving grunt-karma to /home/louis/.npm/registry.npmjs.org/grunt-karma/.cache.json
50 silly addNameRange number 2 { name: 'grunt-karma', range: '*', hasData: true }
51 silly addNameRange versions [ 'grunt-karma',
51 silly addNameRange   [ '0.3.0',
51 silly addNameRange     '0.4.0',
51 silly addNameRange     '0.4.1',
51 silly addNameRange     '0.4.2',
51 silly addNameRange     '0.4.3',
51 silly addNameRange     '0.4.4',
51 silly addNameRange     '0.5.0',
51 silly addNameRange     '0.4.5',
51 silly addNameRange     '0.5.1',
51 silly addNameRange     '0.5.2',
51 silly addNameRange     '0.4.6',
51 silly addNameRange     '0.5.3',
51 silly addNameRange     '0.5.4',
51 silly addNameRange     '0.6.0',
51 silly addNameRange     '0.6.1',
51 silly addNameRange     '0.7.0',
51 silly addNameRange     '0.6.2',
51 silly addNameRange     '0.7.1',
51 silly addNameRange     '0.7.2',
51 silly addNameRange     '0.7.3',
51 silly addNameRange     '0.8.0',
51 silly addNameRange     '0.8.1',
51 silly addNameRange     '0.8.2',
51 silly addNameRange     '0.8.3',
51 silly addNameRange     '0.9.0',
51 silly addNameRange     '0.10.0',
51 silly addNameRange     '0.10.1',
51 silly addNameRange     '0.11.0' ] ]
52 silly addNamed grunt-karma@0.11.0
53 verbose addNamed "0.11.0" is a plain semver version for grunt-karma
54 silly mapToRegistry name grunt-karma
55 silly mapToRegistry using default registry
56 silly mapToRegistry registry https://registry.npmjs.org/
57 silly mapToRegistry uri https://registry.npmjs.org/grunt-karma
58 verbose addRemoteTarball https://registry.npmjs.org/grunt-karma/-/grunt-karma-0.11.0.tgz not in flight; adding
59 verbose addRemoteTarball [ 'https://registry.npmjs.org/grunt-karma/-/grunt-karma-0.11.0.tgz',
59 verbose addRemoteTarball   '8f649e26533635f2471c8e1f35d255f90a581b9d' ]
60 info retry fetch attempt 1 at 15:35:26
61 info attempt registry request try #1 at 15:35:26
62 http fetch GET https://registry.npmjs.org/grunt-karma/-/grunt-karma-0.11.0.tgz
63 http fetch 200 https://registry.npmjs.org/grunt-karma/-/grunt-karma-0.11.0.tgz
64 silly fetchAndShaCheck shasum 8f649e26533635f2471c8e1f35d255f90a581b9d
65 verbose addTmpTarball /tmp/npm-14679-ff0a8f05/registry.npmjs.org/grunt-karma/-/grunt-karma-0.11.0.tgz not in flight; adding
66 verbose addTmpTarball already have metadata; skipping unpack for grunt-karma@0.11.0
67 silly cache afterAdd grunt-karma@0.11.0
68 verbose afterAdd /home/louis/.npm/grunt-karma/0.11.0/package/package.json not in flight; writing
69 verbose afterAdd /home/louis/.npm/grunt-karma/0.11.0/package/package.json written
70 silly install resolved [ { name: 'grunt-karma',
70 silly install resolved     version: '0.11.0',
70 silly install resolved     description: 'grunt plugin for karma test runner',
70 silly install resolved     main: 'tasks/grunt-karma.js',
70 silly install resolved     repository:
70 silly install resolved      { type: 'git',
70 silly install resolved        url: 'git+https://github.com/karma-runner/grunt-karma.git' },
70 silly install resolved     keywords: [ 'gruntplugin', 'karma', 'grunt', 'test', 'unit', 'runner', 'TDD' ],
70 silly install resolved     scripts: { test: 'grunt test' },
70 silly install resolved     author: { name: 'Dave Geddes' },
70 silly install resolved     license: 'MIT',
70 silly install resolved     dependencies: { lodash: '~3.9.3' },
70 silly install resolved     devDependencies:
70 silly install resolved      { eslint: '^0.21.2',
70 silly install resolved        'eslint-config-standard': '^1.1.1',
70 silly install resolved        'eslint-plugin-react': '^2.3.0',
70 silly install resolved        'expect.js': '^0.3.1',
70 silly install resolved        grunt: '~0.4.3',
70 silly install resolved        'grunt-bump': '0.3.1',
70 silly install resolved        'grunt-contrib-watch': '~0.6.1',
70 silly install resolved        'grunt-conventional-changelog': '~1.2.2',
70 silly install resolved        'grunt-eslint': '^13.0.0',
70 silly install resolved        'grunt-npm': '0.0.2',
70 silly install resolved        karma: '~0.12.0',
70 silly install resolved        'karma-chrome-launcher': '~0.1.2',
70 silly install resolved        'karma-firefox-launcher': '~0.1.3',
70 silly install resolved        'karma-mocha': '~0.1.3',
70 silly install resolved        'load-grunt-tasks': '^3.2.0' },
70 silly install resolved     peerDependencies: { grunt: '0.4.x', karma: '~0.12.0' },
70 silly install resolved     contributors:
70 silly install resolved      [ [Object],
70 silly install resolved        [Object],
70 silly install resolved        [Object],
70 silly install resolved        [Object],
70 silly install resolved        [Object],
70 silly install resolved        [Object],
70 silly install resolved        [Object],
70 silly install resolved        [Object],
70 silly install resolved        [Object],
70 silly install resolved        [Object],
70 silly install resolved        [Object],
70 silly install resolved        [Object],
70 silly install resolved        [Object],
70 silly install resolved        [Object],
70 silly install resolved        [Object],
70 silly install resolved        [Object],
70 silly install resolved        [Object],
70 silly install resolved        [Object],
70 silly install resolved        [Object],
70 silly install resolved        [Object],
70 silly install resolved        [Object],
70 silly install resolved        [Object],
70 silly install resolved        [Object],
70 silly install resolved        [Object],
70 silly install resolved        [Object],
70 silly install resolved        [Object] ],
70 silly install resolved     gitHead: 'b4bd27d773b1e435476a0013b679c34914763ed4',
70 silly install resolved     bugs: { url: 'https://github.com/karma-runner/grunt-karma/issues' },
70 silly install resolved     homepage: 'https://github.com/karma-runner/grunt-karma#readme',
70 silly install resolved     _id: 'grunt-karma@0.11.0',
70 silly install resolved     _shasum: '8f649e26533635f2471c8e1f35d255f90a581b9d',
70 silly install resolved     _from: 'grunt-karma@*',
70 silly install resolved     _npmVersion: '2.10.0',
70 silly install resolved     _nodeVersion: '0.10.38',
70 silly install resolved     _npmUser: { name: 'dignifiedquire', email: 'dignifiedquire@gmail.com' },
70 silly install resolved     dist:
70 silly install resolved      { shasum: '8f649e26533635f2471c8e1f35d255f90a581b9d',
70 silly install resolved        tarball: 'http://registry.npmjs.org/grunt-karma/-/grunt-karma-0.11.0.tgz' },
70 silly install resolved     maintainers: [ [Object], [Object], [Object], [Object] ],
70 silly install resolved     directories: {},
70 silly install resolved     _resolved: 'https://registry.npmjs.org/grunt-karma/-/grunt-karma-0.11.0.tgz' } ]
71 info install grunt-karma@0.11.0 into /home/louis/Documents/testU
72 info installOne grunt-karma@0.11.0
73 verbose installOne of grunt-karma to /home/louis/Documents/testU not in flight; installing
74 verbose lock using /home/louis/.npm/_locks/grunt-karma-9310792d0e92081c.lock for /home/louis/Documents/testU/node_modules/grunt-karma
75 silly install write writing grunt-karma 0.11.0 to /home/louis/Documents/testU/node_modules/grunt-karma
76 verbose unbuild node_modules/grunt-karma
77 silly gentlyRm /home/louis/Documents/testU/node_modules/grunt-karma is being purged from base /home/louis/Documents/testU
78 verbose gentlyRm don't care about contents; nuking /home/louis/Documents/testU/node_modules/grunt-karma
79 verbose tar unpack /home/louis/.npm/grunt-karma/0.11.0/package.tgz
80 verbose tar unpacking to /home/louis/Documents/testU/node_modules/grunt-karma
81 silly gentlyRm /home/louis/Documents/testU/node_modules/grunt-karma is being purged
82 verbose gentlyRm don't care about contents; nuking /home/louis/Documents/testU/node_modules/grunt-karma
83 silly gunzTarPerm modes [ '775', '664' ]
84 silly gunzTarPerm extractEntry package.json
85 silly gunzTarPerm modified mode [ 'package.json', 420, 436 ]
86 silly gunzTarPerm extractEntry .npmignore
87 silly gunzTarPerm modified mode [ '.npmignore', 420, 436 ]
88 silly gunzTarPerm extractEntry README.md
89 silly gunzTarPerm modified mode [ 'README.md', 420, 436 ]
90 silly gunzTarPerm extractEntry LICENSE
91 silly gunzTarPerm modified mode [ 'LICENSE', 420, 436 ]
92 silly gunzTarPerm extractEntry gruntfile.js
93 silly gunzTarPerm modified mode [ 'gruntfile.js', 420, 436 ]
94 silly gunzTarPerm extractEntry karma.conf.js
95 silly gunzTarPerm modified mode [ 'karma.conf.js', 420, 436 ]
96 silly gunzTarPerm extractEntry TODO.md
97 silly gunzTarPerm modified mode [ 'TODO.md', 420, 436 ]
98 silly gunzTarPerm extractEntry .mailmap
99 silly gunzTarPerm modified mode [ '.mailmap', 420, 436 ]
100 silly gunzTarPerm extractEntry .travis.yml
101 silly gunzTarPerm modified mode [ '.travis.yml', 420, 436 ]
102 silly gunzTarPerm extractEntry CHANGELOG.md
103 silly gunzTarPerm modified mode [ 'CHANGELOG.md', 420, 436 ]
104 silly gunzTarPerm extractEntry lib/background.js
105 silly gunzTarPerm modified mode [ 'lib/background.js', 420, 436 ]
106 silly gunzTarPerm extractEntry tasks/grunt-karma.js
107 silly gunzTarPerm modified mode [ 'tasks/grunt-karma.js', 420, 436 ]
108 silly gunzTarPerm extractEntry .eslintrc
109 silly gunzTarPerm modified mode [ '.eslintrc', 420, 436 ]
110 silly gunzTarPerm extractEntry test/grunt-karma-test.js
111 silly gunzTarPerm modified mode [ 'test/grunt-karma-test.js', 420, 436 ]
112 verbose write writing to /home/louis/Documents/testU/node_modules/grunt-karma/package.json
113 info preinstall grunt-karma@0.11.0
114 verbose readDependencies loading dependencies from /home/louis/Documents/testU/node_modules/grunt-karma/package.json
115 silly prepareForInstallMany adding lodash@~3.9.3 from grunt-karma dependencies
116 silly prepareForInstallMany adding karma@~0.12.0 from grunt-karma peerDependencies
117 warn peerDependencies The peer dependency karma@~0.12.0 included from grunt-karma will no
118 warn peerDependencies longer be automatically installed to fulfill the peerDependency
119 warn peerDependencies in npm 3+. Your application will need to depend on it explicitly.
120 verbose readDependencies loading dependencies from /home/louis/Documents/testU/node_modules/grunt-karma/package.json
121 silly cache add args [ 'lodash@~3.9.3', null ]
122 verbose cache add spec lodash@~3.9.3
123 silly cache add parsed spec { raw: 'lodash@~3.9.3',
123 silly cache add   scope: null,
123 silly cache add   name: 'lodash',
123 silly cache add   rawSpec: '~3.9.3',
123 silly cache add   spec: '>=3.9.3 <3.10.0',
123 silly cache add   type: 'range' }
124 silly addNamed lodash@>=3.9.3 <3.10.0
125 verbose addNamed ">=3.9.3 <3.10.0" is a valid semver range for lodash
126 silly addNameRange { name: 'lodash', range: '>=3.9.3 <3.10.0', hasData: false }
127 silly mapToRegistry name lodash
128 silly mapToRegistry using default registry
129 silly mapToRegistry registry https://registry.npmjs.org/
130 silly mapToRegistry uri https://registry.npmjs.org/lodash
131 verbose addNameRange registry:https://registry.npmjs.org/lodash not in flight; fetching
132 verbose request uri https://registry.npmjs.org/lodash
133 verbose request no auth needed
134 info attempt registry request try #1 at 15:35:27
135 verbose etag "343988G0YHQMQVDAM3ZXNVUTP"
136 http request GET https://registry.npmjs.org/lodash
137 http 304 https://registry.npmjs.org/lodash
138 silly get cb [ 304,
138 silly get   { date: 'Thu, 04 Jun 2015 13:35:27 GMT',
138 silly get     via: '1.1 varnish',
138 silly get     'cache-control': 'max-age=60',
138 silly get     etag: '"343988G0YHQMQVDAM3ZXNVUTP"',
138 silly get     age: '28',
138 silly get     connection: 'keep-alive',
138 silly get     'x-served-by': 'cache-ams4127-AMS',
138 silly get     'x-cache': 'HIT',
138 silly get     'x-cache-hits': '3',
138 silly get     'x-timer': 'S1433424927.231735,VS0,VE0',
138 silly get     vary: 'Accept' } ]
139 verbose etag https://registry.npmjs.org/lodash from cache
140 verbose get saving lodash to /home/louis/.npm/registry.npmjs.org/lodash/.cache.json
141 silly addNameRange number 2 { name: 'lodash', range: '>=3.9.3 <3.10.0', hasData: true }
142 silly addNameRange versions [ 'lodash',
142 silly addNameRange   [ '0.1.0',
142 silly addNameRange     '0.2.0',
142 silly addNameRange     '0.2.1',
142 silly addNameRange     '0.2.2',
142 silly addNameRange     '0.3.0',
142 silly addNameRange     '0.3.1',
142 silly addNameRange     '0.3.2',
142 silly addNameRange     '0.4.0',
142 silly addNameRange     '0.4.1',
142 silly addNameRange     '0.4.2',
142 silly addNameRange     '0.5.0-rc.1',
142 silly addNameRange     '0.5.0',
142 silly addNameRange     '0.5.1',
142 silly addNameRange     '0.5.2',
142 silly addNameRange     '0.6.0',
142 silly addNameRange     '0.6.1',
142 silly addNameRange     '0.7.0',
142 silly addNameRange     '0.8.0',
142 silly addNameRange     '0.8.1',
142 silly addNameRange     '0.8.2',
142 silly addNameRange     '0.9.0',
142 silly addNameRange     '0.9.1',
142 silly addNameRange     '0.9.2',
142 silly addNameRange     '0.10.0',
142 silly addNameRange     '1.0.0-rc.1',
142 silly addNameRange     '1.0.0-rc.2',
142 silly addNameRange     '1.0.0-rc.3',
142 silly addNameRange     '1.0.0',
142 silly addNameRange     '1.0.1',
142 silly addNameRange     '1.1.0',
142 silly addNameRange     '1.1.1',
142 silly addNameRange     '1.2.0',
142 silly addNameRange     '1.2.1',
142 silly addNameRange     '1.3.0',
142 silly addNameRange     '1.3.1',
142 silly addNameRange     '2.0.0',
142 silly addNameRange     '2.1.0',
142 silly addNameRange     '2.2.0',
142 silly addNameRange     '2.2.1',
142 silly addNameRange     '2.3.0',
142 silly addNameRange     '2.4.0',
142 silly addNameRange     '2.4.1',
142 silly addNameRange     '3.0.0',
142 silly addNameRange     '3.0.1',
142 silly addNameRange     '3.1.0',
142 silly addNameRange     '3.2.0',
142 silly addNameRange     '3.3.0',
142 silly addNameRange     '3.3.1',
142 silly addNameRange     '3.4.0',
142 silly addNameRange     '3.5.0',
142 silly addNameRange     '3.6.0',
142 silly addNameRange     '1.0.2',
142 silly addNameRange     '3.7.0',
142 silly addNameRange     '2.4.2',
142 silly addNameRange     '3.8.0',
142 silly addNameRange     '3.9.0',
142 silly addNameRange     '3.9.1',
142 silly addNameRange     '3.9.2',
142 silly addNameRange     '3.9.3' ] ]
143 silly addNamed lodash@3.9.3
144 verbose addNamed "3.9.3" is a plain semver version for lodash
145 silly cache afterAdd lodash@3.9.3
146 verbose afterAdd /home/louis/.npm/lodash/3.9.3/package/package.json not in flight; writing
147 verbose afterAdd /home/louis/.npm/lodash/3.9.3/package/package.json written
148 silly install resolved [ { name: 'lodash',
148 silly install resolved     version: '3.9.3',
148 silly install resolved     description: 'The modern build of lodash modular utilities.',
148 silly install resolved     homepage: 'https://lodash.com/',
148 silly install resolved     icon: 'https://lodash.com/icon.svg',
148 silly install resolved     license: 'MIT',
148 silly install resolved     main: 'index.js',
148 silly install resolved     keywords: [ 'modules', 'stdlib', 'util' ],
148 silly install resolved     author:
148 silly install resolved      { name: 'John-David Dalton',
148 silly install resolved        email: 'john.david.dalton@gmail.com',
148 silly install resolved        url: 'http://allyoucanleet.com/' },
148 silly install resolved     contributors: [ [Object], [Object], [Object], [Object], [Object] ],
148 silly install resolved     repository: { type: 'git', url: 'git+https://github.com/lodash/lodash.git' },
148 silly install resolved     scripts: { test: 'echo "See https://travis-ci.org/lodash/lodash-cli for testing details."' },
148 silly install resolved     bugs: { url: 'https://github.com/lodash/lodash/issues' },
148 silly install resolved     _id: 'lodash@3.9.3',
148 silly install resolved     _shasum: '0159e86832feffc6d61d852b12a953b99496bd32',
148 silly install resolved     _from: 'lodash@>=3.9.3 <3.10.0',
148 silly install resolved     _npmVersion: '2.10.1',
148 silly install resolved     _nodeVersion: '2.0.2',
148 silly install resolved     _npmUser: { name: 'jdalton', email: 'john.david.dalton@gmail.com' },
148 silly install resolved     maintainers: [ [Object], [Object], [Object], [Object], [Object] ],
148 silly install resolved     dist:
148 silly install resolved      { shasum: '0159e86832feffc6d61d852b12a953b99496bd32',
148 silly install resolved        tarball: 'http://registry.npmjs.org/lodash/-/lodash-3.9.3.tgz' },
148 silly install resolved     directories: {},
148 silly install resolved     _resolved: 'https://registry.npmjs.org/lodash/-/lodash-3.9.3.tgz',
148 silly install resolved     readme: 'ERROR: No README data found!' } ]
149 info install lodash@3.9.3 into /home/louis/Documents/testU/node_modules/grunt-karma
150 info installOne lodash@3.9.3
151 verbose installOne of lodash to /home/louis/Documents/testU/node_modules/grunt-karma not in flight; installing
152 verbose lock using /home/louis/.npm/_locks/lodash-f75dd716a6a340be.lock for /home/louis/Documents/testU/node_modules/grunt-karma/node_modules/lodash
153 silly install write writing lodash 3.9.3 to /home/louis/Documents/testU/node_modules/grunt-karma/node_modules/lodash
154 verbose unbuild node_modules/grunt-karma/node_modules/lodash
155 silly gentlyRm /home/louis/Documents/testU/node_modules/grunt-karma/node_modules/lodash is being purged from base /home/louis/Documents/testU
156 verbose gentlyRm don't care about contents; nuking /home/louis/Documents/testU/node_modules/grunt-karma/node_modules/lodash
157 verbose tar unpack /home/louis/.npm/lodash/3.9.3/package.tgz
158 verbose tar unpacking to /home/louis/Documents/testU/node_modules/grunt-karma/node_modules/lodash
159 silly gentlyRm /home/louis/Documents/testU/node_modules/grunt-karma/node_modules/lodash is being purged
160 verbose gentlyRm don't care about contents; nuking /home/louis/Documents/testU/node_modules/grunt-karma/node_modules/lodash
161 silly gunzTarPerm modes [ '775', '664' ]
162 silly gunzTarPerm extractEntry package.json
163 silly gunzTarPerm modified mode [ 'package.json', 420, 436 ]
164 silly gunzTarPerm extractEntry README.md
165 silly gunzTarPerm modified mode [ 'README.md', 420, 436 ]
166 silly gunzTarPerm extractEntry date.js
167 silly gunzTarPerm modified mode [ 'date.js', 420, 436 ]
168 silly gunzTarPerm extractEntry function.js
169 silly gunzTarPerm modified mode [ 'function.js', 420, 436 ]
170 silly gunzTarPerm extractEntry index.js
171 silly gunzTarPerm modified mode [ 'index.js', 420, 436 ]
172 silly gunzTarPerm extractEntry collection.js
173 silly gunzTarPerm modified mode [ 'collection.js', 420, 436 ]
174 silly gunzTarPerm extractEntry lang.js
175 silly gunzTarPerm modified mode [ 'lang.js', 420, 436 ]
176 silly gunzTarPerm extractEntry math.js
177 silly gunzTarPerm modified mode [ 'math.js', 420, 436 ]
178 silly gunzTarPerm extractEntry number.js
179 silly gunzTarPerm modified mode [ 'number.js', 420, 436 ]
180 silly gunzTarPerm extractEntry object.js
181 silly gunzTarPerm modified mode [ 'object.js', 420, 436 ]
182 silly gunzTarPerm extractEntry chain.js
183 silly gunzTarPerm modified mode [ 'chain.js', 420, 436 ]
184 silly gunzTarPerm extractEntry string.js
185 silly gunzTarPerm modified mode [ 'string.js', 420, 436 ]
186 silly gunzTarPerm extractEntry array.js
187 silly gunzTarPerm modified mode [ 'array.js', 420, 436 ]
188 silly gunzTarPerm extractEntry utility.js
189 silly gunzTarPerm modified mode [ 'utility.js', 420, 436 ]
190 silly gunzTarPerm extractEntry support.js
191 silly gunzTarPerm modified mode [ 'support.js', 420, 436 ]
192 silly gunzTarPerm extractEntry date/now.js
193 silly gunzTarPerm modified mode [ 'date/now.js', 420, 436 ]
194 silly gunzTarPerm extractEntry math/add.js
195 silly gunzTarPerm modified mode [ 'math/add.js', 420, 436 ]
196 silly gunzTarPerm extractEntry math/max.js
197 silly gunzTarPerm modified mode [ 'math/max.js', 420, 436 ]
198 silly gunzTarPerm extractEntry math/min.js
199 silly gunzTarPerm modified mode [ 'math/min.js', 420, 436 ]
200 silly gunzTarPerm extractEntry math/sum.js
201 silly gunzTarPerm modified mode [ 'math/sum.js', 420, 436 ]
202 silly gunzTarPerm extractEntry chain/chain.js
203 silly gunzTarPerm modified mode [ 'chain/chain.js', 420, 436 ]
204 silly gunzTarPerm extractEntry chain/run.js
205 silly gunzTarPerm modified mode [ 'chain/run.js', 420, 436 ]
206 silly gunzTarPerm extractEntry chain/tap.js
207 silly gunzTarPerm modified mode [ 'chain/tap.js', 420, 436 ]
208 silly gunzTarPerm extractEntry chain/thru.js
209 silly gunzTarPerm modified mode [ 'chain/thru.js', 420, 436 ]
210 silly gunzTarPerm extractEntry chain/toJSON.js
211 silly gunzTarPerm modified mode [ 'chain/toJSON.js', 420, 436 ]
212 silly gunzTarPerm extractEntry chain/reverse.js
213 silly gunzTarPerm modified mode [ 'chain/reverse.js', 420, 436 ]
214 silly gunzTarPerm extractEntry chain/value.js
215 silly gunzTarPerm modified mode [ 'chain/value.js', 420, 436 ]
216 silly gunzTarPerm extractEntry chain/valueOf.js
217 silly gunzTarPerm modified mode [ 'chain/valueOf.js', 420, 436 ]
218 silly gunzTarPerm extractEntry chain/wrapperChain.js
219 silly gunzTarPerm modified mode [ 'chain/wrapperChain.js', 420, 436 ]
220 silly gunzTarPerm extractEntry chain/wrapperCommit.js
221 silly gunzTarPerm modified mode [ 'chain/wrapperCommit.js', 420, 436 ]
222 silly gunzTarPerm extractEntry chain/wrapperPlant.js
223 silly gunzTarPerm modified mode [ 'chain/wrapperPlant.js', 420, 436 ]
224 silly gunzTarPerm extractEntry chain/plant.js
225 silly gunzTarPerm modified mode [ 'chain/plant.js', 420, 436 ]
226 silly gunzTarPerm extractEntry chain/wrapperReverse.js
227 silly gunzTarPerm modified mode [ 'chain/wrapperReverse.js', 420, 436 ]
228 silly gunzTarPerm extractEntry chain/lodash.js
229 silly gunzTarPerm modified mode [ 'chain/lodash.js', 420, 436 ]
230 silly gunzTarPerm extractEntry chain/wrapperToString.js
231 silly gunzTarPerm modified mode [ 'chain/wrapperToString.js', 420, 436 ]
232 silly gunzTarPerm extractEntry chain/commit.js
233 silly gunzTarPerm modified mode [ 'chain/commit.js', 420, 436 ]
234 silly gunzTarPerm extractEntry chain/wrapperValue.js
235 silly gunzTarPerm modified mode [ 'chain/wrapperValue.js', 420, 436 ]
236 silly gunzTarPerm extractEntry chain/toString.js
237 silly gunzTarPerm modified mode [ 'chain/toString.js', 420, 436 ]
238 silly gunzTarPerm extractEntry number/inRange.js
239 silly gunzTarPerm modified mode [ 'number/inRange.js', 420, 436 ]
240 silly gunzTarPerm extractEntry number/random.js
241 silly gunzTarPerm modified mode [ 'number/random.js', 420, 436 ]
242 silly gunzTarPerm extractEntry function/after.js
243 silly gunzTarPerm modified mode [ 'function/after.js', 420, 436 ]
244 silly gunzTarPerm extractEntry function/curryRight.js
245 silly gunzTarPerm modified mode [ 'function/curryRight.js', 420, 436 ]
246 silly gunzTarPerm extractEntry function/debounce.js
247 silly gunzTarPerm modified mode [ 'function/debounce.js', 420, 436 ]
248 silly gunzTarPerm extractEntry function/defer.js
249 silly gunzTarPerm modified mode [ 'function/defer.js', 420, 436 ]
250 silly gunzTarPerm extractEntry function/curry.js
251 silly gunzTarPerm modified mode [ 'function/curry.js', 420, 436 ]
252 silly gunzTarPerm extractEntry function/flow.js
253 silly gunzTarPerm modified mode [ 'function/flow.js', 420, 436 ]
254 silly gunzTarPerm extractEntry function/flowRight.js
255 silly gunzTarPerm modified mode [ 'function/flowRight.js', 420, 436 ]
256 silly gunzTarPerm extractEntry function/memoize.js
257 silly gunzTarPerm modified mode [ 'function/memoize.js', 420, 436 ]
258 silly gunzTarPerm extractEntry function/negate.js
259 silly gunzTarPerm modified mode [ 'function/negate.js', 420, 436 ]
260 silly gunzTarPerm extractEntry function/once.js
261 silly gunzTarPerm modified mode [ 'function/once.js', 420, 436 ]
262 silly gunzTarPerm extractEntry function/compose.js
263 silly gunzTarPerm modified mode [ 'function/compose.js', 420, 436 ]
264 silly gunzTarPerm extractEntry function/partial.js
265 silly gunzTarPerm modified mode [ 'function/partial.js', 420, 436 ]
266 silly gunzTarPerm extractEntry function/bindKey.js
267 silly gunzTarPerm modified mode [ 'function/bindKey.js', 420, 436 ]
268 silly gunzTarPerm extractEntry function/partialRight.js
269 silly gunzTarPerm modified mode [ 'function/partialRight.js', 420, 436 ]
270 silly gunzTarPerm extractEntry function/bindAll.js
271 silly gunzTarPerm modified mode [ 'function/bindAll.js', 420, 436 ]
272 silly gunzTarPerm extractEntry function/rearg.js
273 silly gunzTarPerm modified mode [ 'function/rearg.js', 420, 436 ]
274 silly gunzTarPerm extractEntry function/bind.js
275 silly gunzTarPerm modified mode [ 'function/bind.js', 420, 436 ]
276 silly gunzTarPerm extractEntry function/restParam.js
277 silly gunzTarPerm modified mode [ 'function/restParam.js', 420, 436 ]
278 silly gunzTarPerm extractEntry function/before.js
279 silly gunzTarPerm modified mode [ 'function/before.js', 420, 436 ]
280 silly gunzTarPerm extractEntry function/spread.js
281 silly gunzTarPerm modified mode [ 'function/spread.js', 420, 436 ]
282 silly gunzTarPerm extractEntry function/backflow.js
283 silly gunzTarPerm modified mode [ 'function/backflow.js', 420, 436 ]
284 silly gunzTarPerm extractEntry function/throttle.js
285 silly gunzTarPerm modified mode [ 'function/throttle.js', 420, 436 ]
286 silly gunzTarPerm extractEntry function/ary.js
287 silly gunzTarPerm modified mode [ 'function/ary.js', 420, 436 ]
288 silly gunzTarPerm extractEntry function/wrap.js
289 silly gunzTarPerm modified mode [ 'function/wrap.js', 420, 436 ]
290 silly gunzTarPerm extractEntry function/delay.js
291 silly gunzTarPerm modified mode [ 'function/delay.js', 420, 436 ]
292 silly gunzTarPerm extractEntry object/assign.js
293 silly gunzTarPerm modified mode [ 'object/assign.js', 420, 436 ]
294 silly gunzTarPerm extractEntry object/functions.js
295 silly gunzTarPerm modified mode [ 'object/functions.js', 420, 436 ]
296 silly gunzTarPerm extractEntry object/get.js
297 silly gunzTarPerm modified mode [ 'object/get.js', 420, 436 ]
298 silly gunzTarPerm extractEntry object/has.js
299 silly gunzTarPerm modified mode [ 'object/has.js', 420, 436 ]
300 silly gunzTarPerm extractEntry object/invert.js
301 silly gunzTarPerm modified mode [ 'object/invert.js', 420, 436 ]
302 silly gunzTarPerm extractEntry object/forOwnRight.js
303 silly gunzTarPerm modified mode [ 'object/forOwnRight.js', 420, 436 ]
304 silly gunzTarPerm extractEntry object/keysIn.js
305 silly gunzTarPerm modified mode [ 'object/keysIn.js', 420, 436 ]
306 silly gunzTarPerm extractEntry object/mapKeys.js
307 silly gunzTarPerm modified mode [ 'object/mapKeys.js', 420, 436 ]
308 silly gunzTarPerm extractEntry object/mapValues.js
309 silly gunzTarPerm modified mode [ 'object/mapValues.js', 420, 436 ]
310 silly gunzTarPerm extractEntry object/merge.js
311 silly gunzTarPerm modified mode [ 'object/merge.js', 420, 436 ]
312 silly gunzTarPerm extractEntry object/methods.js
313 silly gunzTarPerm modified mode [ 'object/methods.js', 420, 436 ]
314 silly gunzTarPerm extractEntry object/forOwn.js
315 silly gunzTarPerm modified mode [ 'object/forOwn.js', 420, 436 ]
316 silly gunzTarPerm extractEntry object/omit.js
317 silly gunzTarPerm modified mode [ 'object/omit.js', 420, 436 ]
318 silly gunzTarPerm extractEntry object/forInRight.js
319 silly gunzTarPerm modified mode [ 'object/forInRight.js', 420, 436 ]
320 silly gunzTarPerm extractEntry object/pairs.js
321 silly gunzTarPerm modified mode [ 'object/pairs.js', 420, 436 ]
322 silly gunzTarPerm extractEntry object/forIn.js
323 silly gunzTarPerm modified mode [ 'object/forIn.js', 420, 436 ]
324 silly gunzTarPerm extractEntry object/pick.js
325 silly gunzTarPerm modified mode [ 'object/pick.js', 420, 436 ]
326 silly gunzTarPerm extractEntry object/findLastKey.js
327 silly gunzTarPerm modified mode [ 'object/findLastKey.js', 420, 436 ]
328 silly gunzTarPerm extractEntry object/result.js
329 silly gunzTarPerm modified mode [ 'object/result.js', 420, 436 ]
330 silly gunzTarPerm extractEntry object/findKey.js
331 silly gunzTarPerm modified mode [ 'object/findKey.js', 420, 436 ]
332 silly gunzTarPerm extractEntry object/set.js
333 silly gunzTarPerm modified mode [ 'object/set.js', 420, 436 ]
334 silly gunzTarPerm extractEntry object/extend.js
335 silly gunzTarPerm modified mode [ 'object/extend.js', 420, 436 ]
336 silly gunzTarPerm extractEntry object/transform.js
337 silly gunzTarPerm modified mode [ 'object/transform.js', 420, 436 ]
338 silly gunzTarPerm extractEntry object/defaults.js
339 silly gunzTarPerm modified mode [ 'object/defaults.js', 420, 436 ]
340 silly gunzTarPerm extractEntry object/values.js
341 silly gunzTarPerm modified mode [ 'object/values.js', 420, 436 ]
342 silly gunzTarPerm extractEntry object/create.js
343 silly gunzTarPerm modified mode [ 'object/create.js', 420, 436 ]
344 silly gunzTarPerm extractEntry object/valuesIn.js
345 silly gunzTarPerm modified mode [ 'object/valuesIn.js', 420, 436 ]
346 silly gunzTarPerm extractEntry object/keys.js
347 silly gunzTarPerm modified mode [ 'object/keys.js', 420, 436 ]
348 silly gunzTarPerm extractEntry array/chunk.js
349 silly gunzTarPerm modified mode [ 'array/chunk.js', 420, 436 ]
350 silly gunzTarPerm extractEntry array/last.js
351 silly gunzTarPerm modified mode [ 'array/last.js', 420, 436 ]
352 silly gunzTarPerm extractEntry array/lastIndexOf.js
353 silly gunzTarPerm modified mode [ 'array/lastIndexOf.js', 420, 436 ]
354 silly gunzTarPerm extractEntry array/object.js
355 silly gunzTarPerm modified mode [ 'array/object.js', 420, 436 ]
356 silly gunzTarPerm extractEntry array/pull.js
357 silly gunzTarPerm modified mode [ 'array/pull.js', 420, 436 ]
358 silly gunzTarPerm extractEntry array/intersection.js
359 silly gunzTarPerm modified mode [ 'array/intersection.js', 420, 436 ]
360 silly gunzTarPerm extractEntry array/remove.js
361 silly gunzTarPerm modified mode [ 'array/remove.js', 420, 436 ]
362 silly gunzTarPerm extractEntry array/rest.js
363 silly gunzTarPerm modified mode [ 'array/rest.js', 420, 436 ]
364 silly gunzTarPerm extractEntry array/slice.js
365 silly gunzTarPerm modified mode [ 'array/slice.js', 420, 436 ]
366 silly gunzTarPerm extractEntry array/sortedIndex.js
367 silly gunzTarPerm modified mode [ 'array/sortedIndex.js', 420, 436 ]
368 silly gunzTarPerm extractEntry array/sortedLastIndex.js
369 silly gunzTarPerm modified mode [ 'array/sortedLastIndex.js', 420, 436 ]
370 silly gunzTarPerm extractEntry array/initial.js
371 silly gunzTarPerm modified mode [ 'array/initial.js', 420, 436 ]
372 silly gunzTarPerm extractEntry array/tail.js
373 silly gunzTarPerm modified mode [ 'array/tail.js', 420, 436 ]
374 silly gunzTarPerm extractEntry array/indexOf.js
375 silly gunzTarPerm modified mode [ 'array/indexOf.js', 420, 436 ]
376 silly gunzTarPerm extractEntry array/take.js
377 silly gunzTarPerm modified mode [ 'array/take.js', 420, 436 ]
378 silly gunzTarPerm extractEntry array/head.js
379 silly gunzTarPerm modified mode [ 'array/head.js', 420, 436 ]
380 silly gunzTarPerm extractEntry array/takeRight.js
381 silly gunzTarPerm modified mode [ 'array/takeRight.js', 420, 436 ]
382 silly gunzTarPerm extractEntry array/flattenDeep.js
383 silly gunzTarPerm modified mode [ 'array/flattenDeep.js', 420, 436 ]
384 silly gunzTarPerm extractEntry array/takeRightWhile.js
385 silly gunzTarPerm modified mode [ 'array/takeRightWhile.js', 420, 436 ]
386 silly gunzTarPerm extractEntry array/flatten.js
387 silly gunzTarPerm modified mode [ 'array/flatten.js', 420, 436 ]
388 silly gunzTarPerm extractEntry array/takeWhile.js
389 silly gunzTarPerm modified mode [ 'array/takeWhile.js', 420, 436 ]
390 silly gunzTarPerm extractEntry array/first.js
391 silly gunzTarPerm modified mode [ 'array/first.js', 420, 436 ]
392 silly gunzTarPerm extractEntry array/union.js
393 silly gunzTarPerm modified mode [ 'array/union.js', 420, 436 ]
394 silly gunzTarPerm extractEntry array/findLastIndex.js
395 silly gunzTarPerm modified mode [ 'array/findLastIndex.js', 420, 436 ]
396 silly gunzTarPerm extractEntry array/uniq.js
397 silly gunzTarPerm modified mode [ 'array/uniq.js', 420, 436 ]
398 silly gunzTarPerm extractEntry array/findIndex.js
399 silly gunzTarPerm modified mode [ 'array/findIndex.js', 420, 436 ]
400 silly gunzTarPerm extractEntry array/unique.js
401 silly gunzTarPerm modified mode [ 'array/unique.js', 420, 436 ]
402 silly gunzTarPerm extractEntry array/fill.js
403 silly gunzTarPerm modified mode [ 'array/fill.js', 420, 436 ]
404 silly gunzTarPerm extractEntry array/unzip.js
405 silly gunzTarPerm modified mode [ 'array/unzip.js', 420, 436 ]
406 silly gunzTarPerm extractEntry array/dropWhile.js
407 silly gunzTarPerm modified mode [ 'array/dropWhile.js', 420, 436 ]
408 silly gunzTarPerm extractEntry array/unzipWith.js
409 silly gunzTarPerm modified mode [ 'array/unzipWith.js', 420, 436 ]
410 silly gunzTarPerm extractEntry array/dropRightWhile.js
411 silly gunzTarPerm modified mode [ 'array/dropRightWhile.js', 420, 436 ]
412 silly gunzTarPerm extractEntry array/without.js
413 silly gunzTarPerm modified mode [ 'array/without.js', 420, 436 ]
414 silly gunzTarPerm extractEntry array/dropRight.js
415 silly gunzTarPerm modified mode [ 'array/dropRight.js', 420, 436 ]
416 silly gunzTarPerm extractEntry array/xor.js
417 silly gunzTarPerm modified mode [ 'array/xor.js', 420, 436 ]
418 silly gunzTarPerm extractEntry array/drop.js
419 silly gunzTarPerm modified mode [ 'array/drop.js', 420, 436 ]
420 silly gunzTarPerm extractEntry array/zip.js
421 silly gunzTarPerm modified mode [ 'array/zip.js', 420, 436 ]
422 silly gunzTarPerm extractEntry array/difference.js
423 silly gunzTarPerm modified mode [ 'array/difference.js', 420, 436 ]
424 silly gunzTarPerm extractEntry array/zipObject.js
425 silly gunzTarPerm modified mode [ 'array/zipObject.js', 420, 436 ]
426 silly gunzTarPerm extractEntry array/compact.js
427 silly gunzTarPerm modified mode [ 'array/compact.js', 420, 436 ]
428 silly gunzTarPerm extractEntry array/zipWith.js
429 silly gunzTarPerm modified mode [ 'array/zipWith.js', 420, 436 ]
430 silly gunzTarPerm extractEntry array/pullAt.js
431 silly gunzTarPerm modified mode [ 'array/pullAt.js', 420, 436 ]
432 silly gunzTarPerm extractEntry collection/all.js
433 silly gunzTarPerm modified mode [ 'collection/all.js', 420, 436 ]
434 silly gunzTarPerm extractEntry collection/forEachRight.js
435 silly gunzTarPerm modified mode [ 'collection/forEachRight.js', 420, 436 ]
436 silly gunzTarPerm extractEntry collection/groupBy.js
437 silly gunzTarPerm modified mode [ 'collection/groupBy.js', 420, 436 ]
438 silly gunzTarPerm extractEntry collection/include.js
439 silly gunzTarPerm modified mode [ 'collection/include.js', 420, 436 ]
440 silly gunzTarPerm extractEntry collection/includes.js
441 silly gunzTarPerm modified mode [ 'collection/includes.js', 420, 436 ]
442 silly gunzTarPerm extractEntry collection/forEach.js
443 silly gunzTarPerm modified mode [ 'collection/forEach.js', 420, 436 ]
444 silly gunzTarPerm extractEntry collection/inject.js
445 silly gunzTarPerm modified mode [ 'collection/inject.js', 420, 436 ]
446 silly gunzTarPerm extractEntry collection/invoke.js
447 silly gunzTarPerm modified mode [ 'collection/invoke.js', 420, 436 ]
448 silly gunzTarPerm extractEntry collection/map.js
449 silly gunzTarPerm modified mode [ 'collection/map.js', 420, 436 ]
450 silly gunzTarPerm extractEntry collection/max.js
451 silly gunzTarPerm modified mode [ 'collection/max.js', 420, 436 ]
452 silly gunzTarPerm extractEntry collection/min.js
453 silly gunzTarPerm modified mode [ 'collection/min.js', 420, 436 ]
454 silly gunzTarPerm extractEntry collection/foldr.js
455 silly gunzTarPerm modified mode [ 'collection/foldr.js', 420, 436 ]
456 silly gunzTarPerm extractEntry collection/partition.js
457 silly gunzTarPerm modified mode [ 'collection/partition.js', 420, 436 ]
458 silly gunzTarPerm extractEntry collection/foldl.js
459 silly gunzTarPerm modified mode [ 'collection/foldl.js', 420, 436 ]
460 silly gunzTarPerm extractEntry collection/pluck.js
461 silly gunzTarPerm modified mode [ 'collection/pluck.js', 420, 436 ]
462 silly gunzTarPerm extractEntry collection/findWhere.js
463 silly gunzTarPerm modified mode [ 'collection/findWhere.js', 420, 436 ]
464 silly gunzTarPerm extractEntry collection/reduce.js
465 silly gunzTarPerm modified mode [ 'collection/reduce.js', 420, 436 ]
466 silly gunzTarPerm extractEntry collection/findLast.js
467 silly gunzTarPerm modified mode [ 'collection/findLast.js', 420, 436 ]
468 silly gunzTarPerm extractEntry collection/reduceRight.js
469 silly gunzTarPerm modified mode [ 'collection/reduceRight.js', 420, 436 ]
470 silly gunzTarPerm extractEntry collection/find.js
471 silly gunzTarPerm modified mode [ 'collection/find.js', 420, 436 ]
472 silly gunzTarPerm extractEntry collection/reject.js
473 silly gunzTarPerm modified mode [ 'collection/reject.js', 420, 436 ]
474 silly gunzTarPerm extractEntry collection/filter.js
475 silly gunzTarPerm modified mode [ 'collection/filter.js', 420, 436 ]
476 silly gunzTarPerm extractEntry collection/sample.js
477 silly gunzTarPerm modified mode [ 'collection/sample.js', 420, 436 ]
478 silly gunzTarPerm extractEntry collection/every.js
479 silly gunzTarPerm modified mode [ 'collection/every.js', 420, 436 ]
480 silly gunzTarPerm extractEntry collection/select.js
481 silly gunzTarPerm modified mode [ 'collection/select.js', 420, 436 ]
482 silly gunzTarPerm extractEntry collection/eachRight.js
483 silly gunzTarPerm modified mode [ 'collection/eachRight.js', 420, 436 ]
484 silly gunzTarPerm extractEntry collection/shuffle.js
485 silly gunzTarPerm modified mode [ 'collection/shuffle.js', 420, 436 ]
486 silly gunzTarPerm extractEntry collection/each.js
487 silly gunzTarPerm modified mode [ 'collection/each.js', 420, 436 ]
488 silly gunzTarPerm extractEntry collection/size.js
489 silly gunzTarPerm modified mode [ 'collection/size.js', 420, 436 ]
490 silly gunzTarPerm extractEntry collection/detect.js
491 silly gunzTarPerm modified mode [ 'collection/detect.js', 420, 436 ]
492 silly gunzTarPerm extractEntry collection/some.js
493 silly gunzTarPerm modified mode [ 'collection/some.js', 420, 436 ]
494 silly gunzTarPerm extractEntry collection/countBy.js
495 silly gunzTarPerm modified mode [ 'collection/countBy.js', 420, 436 ]
496 silly gunzTarPerm extractEntry collection/sortBy.js
497 silly gunzTarPerm modified mode [ 'collection/sortBy.js', 420, 436 ]
498 silly gunzTarPerm extractEntry collection/contains.js
499 silly gunzTarPerm modified mode [ 'collection/contains.js', 420, 436 ]
500 silly gunzTarPerm extractEntry collection/sortByAll.js
501 silly gunzTarPerm modified mode [ 'collection/sortByAll.js', 420, 436 ]
502 silly gunzTarPerm extractEntry collection/collect.js
503 silly gunzTarPerm modified mode [ 'collection/collect.js', 420, 436 ]
504 silly gunzTarPerm extractEntry collection/sortByOrder.js
505 silly gunzTarPerm modified mode [ 'collection/sortByOrder.js', 420, 436 ]
506 silly gunzTarPerm extractEntry collection/at.js
507 silly gunzTarPerm modified mode [ 'collection/at.js', 420, 436 ]
508 silly gunzTarPerm extractEntry collection/sum.js
509 silly gunzTarPerm modified mode [ 'collection/sum.js', 420, 436 ]
510 silly gunzTarPerm extractEntry collection/any.js
511 silly gunzTarPerm modified mode [ 'collection/any.js', 420, 436 ]
512 silly gunzTarPerm extractEntry collection/where.js
513 silly gunzTarPerm modified mode [ 'collection/where.js', 420, 436 ]
514 silly gunzTarPerm extractEntry collection/indexBy.js
515 silly gunzTarPerm modified mode [ 'collection/indexBy.js', 420, 436 ]
516 silly gunzTarPerm extractEntry string/camelCase.js
517 silly gunzTarPerm modified mode [ 'string/camelCase.js', 420, 436 ]
518 silly gunzTarPerm extractEntry string/padLeft.js
519 silly gunzTarPerm modified mode [ 'string/padLeft.js', 420, 436 ]
520 silly gunzTarPerm extractEntry string/padRight.js
521 silly gunzTarPerm modified mode [ 'string/padRight.js', 420, 436 ]
522 silly gunzTarPerm extractEntry string/parseInt.js
523 silly gunzTarPerm modified mode [ 'string/parseInt.js', 420, 436 ]
524 silly gunzTarPerm extractEntry string/pad.js
525 silly gunzTarPerm modified mode [ 'string/pad.js', 420, 436 ]
526 silly gunzTarPerm extractEntry string/snakeCase.js
527 silly gunzTarPerm modified mode [ 'string/snakeCase.js', 420, 436 ]
528 silly gunzTarPerm extractEntry string/startCase.js
529 silly gunzTarPerm modified mode [ 'string/startCase.js', 420, 436 ]
530 silly gunzTarPerm extractEntry string/startsWith.js
531 silly gunzTarPerm modified mode [ 'string/startsWith.js', 420, 436 ]
532 silly gunzTarPerm extractEntry string/template.js
533 silly gunzTarPerm modified mode [ 'string/template.js', 420, 436 ]
534 silly gunzTarPerm extractEntry string/templateSettings.js
535 silly gunzTarPerm modified mode [ 'string/templateSettings.js', 420, 436 ]
536 silly gunzTarPerm extractEntry string/kebabCase.js
537 silly gunzTarPerm modified mode [ 'string/kebabCase.js', 420, 436 ]
538 silly gunzTarPerm extractEntry string/trim.js
539 silly gunzTarPerm modified mode [ 'string/trim.js', 420, 436 ]
540 silly gunzTarPerm extractEntry string/escapeRegExp.js
541 silly gunzTarPerm modified mode [ 'string/escapeRegExp.js', 420, 436 ]
542 silly gunzTarPerm extractEntry string/trimLeft.js
543 silly gunzTarPerm modified mode [ 'string/trimLeft.js', 420, 436 ]
544 silly gunzTarPerm extractEntry string/escape.js
545 silly gunzTarPerm modified mode [ 'string/escape.js', 420, 436 ]
546 silly gunzTarPerm extractEntry string/trimRight.js
547 silly gunzTarPerm modified mode [ 'string/trimRight.js', 420, 436 ]
548 silly gunzTarPerm extractEntry string/endsWith.js
549 silly gunzTarPerm modified mode [ 'string/endsWith.js', 420, 436 ]
550 silly gunzTarPerm extractEntry string/trunc.js
551 silly gunzTarPerm modified mode [ 'string/trunc.js', 420, 436 ]
552 silly gunzTarPerm extractEntry string/deburr.js
553 silly gunzTarPerm modified mode [ 'string/deburr.js', 420, 436 ]
554 silly gunzTarPerm extractEntry string/unescape.js
555 silly gunzTarPerm modified mode [ 'string/unescape.js', 420, 436 ]
556 silly gunzTarPerm extractEntry string/capitalize.js
557 silly gunzTarPerm modified mode [ 'string/capitalize.js', 420, 436 ]
558 silly gunzTarPerm extractEntry string/words.js
559 silly gunzTarPerm modified mode [ 'string/words.js', 420, 436 ]
560 silly gunzTarPerm extractEntry string/repeat.js
561 silly gunzTarPerm modified mode [ 'string/repeat.js', 420, 436 ]
562 silly gunzTarPerm extractEntry internal/LazyWrapper.js
563 silly gunzTarPerm modified mode [ 'internal/LazyWrapper.js', 420, 436 ]
564 silly gunzTarPerm extractEntry internal/charsRightIndex.js
565 silly gunzTarPerm modified mode [ 'internal/charsRightIndex.js', 420, 436 ]
566 silly gunzTarPerm extractEntry internal/compareAscending.js
567 silly gunzTarPerm modified mode [ 'internal/compareAscending.js', 420, 436 ]
568 silly gunzTarPerm extractEntry internal/compareMultiple.js
569 silly gunzTarPerm modified mode [ 'internal/compareMultiple.js', 420, 436 ]
570 silly gunzTarPerm extractEntry internal/composeArgs.js
571 silly gunzTarPerm modified mode [ 'internal/composeArgs.js', 420, 436 ]
572 silly gunzTarPerm extractEntry internal/charsLeftIndex.js
573 silly gunzTarPerm modified mode [ 'internal/charsLeftIndex.js', 420, 436 ]
574 silly gunzTarPerm extractEntry internal/createAggregator.js
575 silly gunzTarPerm modified mode [ 'internal/createAggregator.js', 420, 436 ]
576 silly gunzTarPerm extractEntry internal/createAssigner.js
577 silly gunzTarPerm modified mode [ 'internal/createAssigner.js', 420, 436 ]
578 silly gunzTarPerm extractEntry internal/createBaseEach.js
579 silly gunzTarPerm modified mode [ 'internal/createBaseEach.js', 420, 436 ]
580 silly gunzTarPerm extractEntry internal/createBaseFor.js
581 silly gunzTarPerm modified mode [ 'internal/createBaseFor.js', 420, 436 ]
582 silly gunzTarPerm extractEntry internal/createBindWrapper.js
583 silly gunzTarPerm modified mode [ 'internal/createBindWrapper.js', 420, 436 ]
584 silly gunzTarPerm extractEntry internal/cachePush.js
585 silly gunzTarPerm modified mode [ 'internal/cachePush.js', 420, 436 ]
586 silly gunzTarPerm extractEntry internal/createCache.js
587 silly gunzTarPerm modified mode [ 'internal/createCache.js', 420, 436 ]
588 silly gunzTarPerm extractEntry internal/cacheIndexOf.js
589 silly gunzTarPerm modified mode [ 'internal/cacheIndexOf.js', 420, 436 ]
590 silly gunzTarPerm extractEntry internal/createCompounder.js
591 silly gunzTarPerm modified mode [ 'internal/createCompounder.js', 420, 436 ]
592 silly gunzTarPerm extractEntry internal/bufferClone.js
593 silly gunzTarPerm modified mode [ 'internal/bufferClone.js', 420, 436 ]
594 silly gunzTarPerm extractEntry internal/createCtorWrapper.js
595 silly gunzTarPerm modified mode [ 'internal/createCtorWrapper.js', 420, 436 ]
596 silly gunzTarPerm extractEntry internal/bindCallback.js
597 silly gunzTarPerm modified mode [ 'internal/bindCallback.js', 420, 436 ]
598 silly gunzTarPerm extractEntry internal/createCurry.js
599 silly gunzTarPerm modified mode [ 'internal/createCurry.js', 420, 436 ]
600 silly gunzTarPerm extractEntry internal/binaryIndexBy.js
601 silly gunzTarPerm modified mode [ 'internal/binaryIndexBy.js', 420, 436 ]
602 silly gunzTarPerm extractEntry internal/createExtremum.js
603 silly gunzTarPerm modified mode [ 'internal/createExtremum.js', 420, 436 ]
604 silly gunzTarPerm extractEntry internal/binaryIndex.js
605 silly gunzTarPerm modified mode [ 'internal/binaryIndex.js', 420, 436 ]
606 silly gunzTarPerm extractEntry internal/createFind.js
607 silly gunzTarPerm modified mode [ 'internal/createFind.js', 420, 436 ]
608 silly gunzTarPerm extractEntry internal/baseWrapperValue.js
609 silly gunzTarPerm modified mode [ 'internal/baseWrapperValue.js', 420, 436 ]
610 silly gunzTarPerm extractEntry internal/createFindIndex.js
611 silly gunzTarPerm modified mode [ 'internal/createFindIndex.js', 420, 436 ]
612 silly gunzTarPerm extractEntry internal/baseWhile.js
613 silly gunzTarPerm modified mode [ 'internal/baseWhile.js', 420, 436 ]
614 silly gunzTarPerm extractEntry internal/createFindKey.js
615 silly gunzTarPerm modified mode [ 'internal/createFindKey.js', 420, 436 ]
616 silly gunzTarPerm extractEntry internal/baseValues.js
617 silly gunzTarPerm modified mode [ 'internal/baseValues.js', 420, 436 ]
618 silly gunzTarPerm extractEntry internal/createFlow.js
619 silly gunzTarPerm modified mode [ 'internal/createFlow.js', 420, 436 ]
620 silly gunzTarPerm extractEntry internal/baseUniq.js
621 silly gunzTarPerm modified mode [ 'internal/baseUniq.js', 420, 436 ]
622 silly gunzTarPerm extractEntry internal/createForEach.js
623 silly gunzTarPerm modified mode [ 'internal/createForEach.js', 420, 436 ]
624 silly gunzTarPerm extractEntry internal/baseToString.js
625 silly gunzTarPerm modified mode [ 'internal/baseToString.js', 420, 436 ]
626 silly gunzTarPerm extractEntry internal/createForIn.js
627 silly gunzTarPerm modified mode [ 'internal/createForIn.js', 420, 436 ]
628 silly gunzTarPerm extractEntry internal/baseSum.js
629 silly gunzTarPerm modified mode [ 'internal/baseSum.js', 420, 436 ]
630 silly gunzTarPerm extractEntry internal/createForOwn.js
631 silly gunzTarPerm modified mode [ 'internal/createForOwn.js', 420, 436 ]
632 silly gunzTarPerm extractEntry internal/baseSortByOrder.js
633 silly gunzTarPerm modified mode [ 'internal/baseSortByOrder.js', 420, 436 ]
634 silly gunzTarPerm extractEntry internal/createHybridWrapper.js
635 silly gunzTarPerm modified mode [ 'internal/createHybridWrapper.js', 420, 436 ]
636 silly gunzTarPerm extractEntry internal/baseSortBy.js
637 silly gunzTarPerm modified mode [ 'internal/baseSortBy.js', 420, 436 ]
638 silly gunzTarPerm extractEntry internal/createObjectMapper.js
639 silly gunzTarPerm modified mode [ 'internal/createObjectMapper.js', 420, 436 ]
640 silly gunzTarPerm extractEntry internal/baseSome.js
641 silly gunzTarPerm modified mode [ 'internal/baseSome.js', 420, 436 ]
642 silly gunzTarPerm extractEntry internal/createPadDir.js
643 silly gunzTarPerm modified mode [ 'internal/createPadDir.js', 420, 436 ]
644 silly gunzTarPerm extractEntry internal/baseSlice.js
645 silly gunzTarPerm modified mode [ 'internal/baseSlice.js', 420, 436 ]
646 silly gunzTarPerm extractEntry internal/createPadding.js
647 silly gunzTarPerm modified mode [ 'internal/createPadding.js', 420, 436 ]
648 silly gunzTarPerm extractEntry internal/baseSetData.js
649 silly gunzTarPerm modified mode [ 'internal/baseSetData.js', 420, 436 ]
650 silly gunzTarPerm extractEntry internal/createPartial.js
651 silly gunzTarPerm modified mode [ 'internal/createPartial.js', 420, 436 ]
652 silly gunzTarPerm extractEntry internal/baseReduce.js
653 silly gunzTarPerm modified mode [ 'internal/baseReduce.js', 420, 436 ]
654 silly gunzTarPerm extractEntry internal/createPartialWrapper.js
655 silly gunzTarPerm modified mode [ 'internal/createPartialWrapper.js', 420, 436 ]
656 silly gunzTarPerm extractEntry internal/baseRandom.js
657 silly gunzTarPerm modified mode [ 'internal/baseRandom.js', 420, 436 ]
658 silly gunzTarPerm extractEntry internal/createReduce.js
659 silly gunzTarPerm modified mode [ 'internal/createReduce.js', 420, 436 ]
660 silly gunzTarPerm extractEntry internal/basePullAt.js
661 silly gunzTarPerm modified mode [ 'internal/basePullAt.js', 420, 436 ]
662 silly gunzTarPerm extractEntry internal/createSortedIndex.js
663 silly gunzTarPerm modified mode [ 'internal/createSortedIndex.js', 420, 436 ]
664 silly gunzTarPerm extractEntry internal/basePropertyDeep.js
665 silly gunzTarPerm modified mode [ 'internal/basePropertyDeep.js', 420, 436 ]
666 silly gunzTarPerm extractEntry internal/createWrapper.js
667 silly gunzTarPerm modified mode [ 'internal/createWrapper.js', 420, 436 ]
668 silly gunzTarPerm extractEntry internal/baseProperty.js
669 silly gunzTarPerm modified mode [ 'internal/baseProperty.js', 420, 436 ]
670 silly gunzTarPerm extractEntry internal/deburrLetter.js
671 silly gunzTarPerm modified mode [ 'internal/deburrLetter.js', 420, 436 ]
672 silly gunzTarPerm extractEntry internal/baseMergeDeep.js
673 silly gunzTarPerm modified mode [ 'internal/baseMergeDeep.js', 420, 436 ]
674 silly gunzTarPerm extractEntry internal/equalArrays.js
675 silly gunzTarPerm modified mode [ 'internal/equalArrays.js', 420, 436 ]
676 silly gunzTarPerm extractEntry internal/baseMerge.js
677 silly gunzTarPerm modified mode [ 'internal/baseMerge.js', 420, 436 ]
678 silly gunzTarPerm extractEntry internal/equalByTag.js
679 silly gunzTarPerm modified mode [ 'internal/equalByTag.js', 420, 436 ]
680 silly gunzTarPerm extractEntry internal/baseMatchesProperty.js
681 silly gunzTarPerm modified mode [ 'internal/baseMatchesProperty.js', 420, 436 ]
682 silly gunzTarPerm extractEntry internal/equalObjects.js
683 silly gunzTarPerm modified mode [ 'internal/equalObjects.js', 420, 436 ]
684 silly gunzTarPerm extractEntry internal/baseMatches.js
685 silly gunzTarPerm modified mode [ 'internal/baseMatches.js', 420, 436 ]
686 silly gunzTarPerm extractEntry internal/escapeHtmlChar.js
687 silly gunzTarPerm modified mode [ 'internal/escapeHtmlChar.js', 420, 436 ]
688 silly gunzTarPerm extractEntry internal/baseMap.js
689 silly gunzTarPerm modified mode [ 'internal/baseMap.js', 420, 436 ]
690 silly gunzTarPerm extractEntry internal/escapeStringChar.js
691 silly gunzTarPerm modified mode [ 'internal/escapeStringChar.js', 420, 436 ]
692 silly gunzTarPerm extractEntry internal/baseLodash.js
693 silly gunzTarPerm modified mode [ 'internal/baseLodash.js', 420, 436 ]
694 silly gunzTarPerm extractEntry internal/getData.js
695 silly gunzTarPerm modified mode [ 'internal/getData.js', 420, 436 ]
696 silly gunzTarPerm extractEntry internal/baseIsMatch.js
697 silly gunzTarPerm modified mode [ 'internal/baseIsMatch.js', 420, 436 ]
698 silly gunzTarPerm extractEntry internal/getFuncName.js
699 silly gunzTarPerm modified mode [ 'internal/getFuncName.js', 420, 436 ]
700 silly gunzTarPerm extractEntry internal/baseIsFunction.js
701 silly gunzTarPerm modified mode [ 'internal/baseIsFunction.js', 420, 436 ]
702 silly gunzTarPerm extractEntry internal/getLength.js
703 silly gunzTarPerm modified mode [ 'internal/getLength.js', 420, 436 ]
704 silly gunzTarPerm extractEntry internal/baseIsEqualDeep.js
705 silly gunzTarPerm modified mode [ 'internal/baseIsEqualDeep.js', 420, 436 ]
706 silly gunzTarPerm extractEntry internal/getMatchData.js
707 silly gunzTarPerm modified mode [ 'internal/getMatchData.js', 420, 436 ]
708 silly gunzTarPerm extractEntry internal/baseIsEqual.js
709 silly gunzTarPerm modified mode [ 'internal/baseIsEqual.js', 420, 436 ]
710 silly gunzTarPerm extractEntry internal/getNative.js
711 silly gunzTarPerm modified mode [ 'internal/getNative.js', 420, 436 ]
712 silly gunzTarPerm extractEntry internal/baseIndexOf.js
713 silly gunzTarPerm modified mode [ 'internal/baseIndexOf.js', 420, 436 ]
714 silly gunzTarPerm extractEntry internal/getView.js
715 silly gunzTarPerm modified mode [ 'internal/getView.js', 420, 436 ]
716 silly gunzTarPerm extractEntry internal/baseGet.js
717 silly gunzTarPerm modified mode [ 'internal/baseGet.js', 420, 436 ]
718 silly gunzTarPerm extractEntry internal/indexOfNaN.js
719 silly gunzTarPerm modified mode [ 'internal/indexOfNaN.js', 420, 436 ]
720 silly gunzTarPerm extractEntry internal/baseFunctions.js
721 silly gunzTarPerm modified mode [ 'internal/baseFunctions.js', 420, 436 ]
722 silly gunzTarPerm extractEntry internal/initCloneArray.js
723 silly gunzTarPerm modified mode [ 'internal/initCloneArray.js', 420, 436 ]
724 silly gunzTarPerm extractEntry internal/baseForRight.js
725 silly gunzTarPerm modified mode [ 'internal/baseForRight.js', 420, 436 ]
726 silly gunzTarPerm extractEntry internal/initCloneByTag.js
727 silly gunzTarPerm modified mode [ 'internal/initCloneByTag.js', 420, 436 ]
728 silly gunzTarPerm extractEntry internal/baseForOwnRight.js
729 silly gunzTarPerm modified mode [ 'internal/baseForOwnRight.js', 420, 436 ]
730 silly gunzTarPerm extractEntry internal/initCloneObject.js
731 silly gunzTarPerm modified mode [ 'internal/initCloneObject.js', 420, 436 ]
732 silly gunzTarPerm extractEntry internal/baseForOwn.js
733 silly gunzTarPerm modified mode [ 'internal/baseForOwn.js', 420, 436 ]
734 silly gunzTarPerm extractEntry internal/invokePath.js
735 silly gunzTarPerm modified mode [ 'internal/invokePath.js', 420, 436 ]
736 silly gunzTarPerm extractEntry internal/baseForIn.js
737 silly gunzTarPerm modified mode [ 'internal/baseForIn.js', 420, 436 ]
738 silly gunzTarPerm extractEntry internal/isArrayLike.js
739 silly gunzTarPerm modified mode [ 'internal/isArrayLike.js', 420, 436 ]
740 silly gunzTarPerm extractEntry internal/baseFor.js
741 silly gunzTarPerm modified mode [ 'internal/baseFor.js', 420, 436 ]
742 silly gunzTarPerm extractEntry internal/isIndex.js
743 silly gunzTarPerm modified mode [ 'internal/isIndex.js', 420, 436 ]
744 silly gunzTarPerm extractEntry internal/baseFlatten.js
745 silly gunzTarPerm modified mode [ 'internal/baseFlatten.js', 420, 436 ]
746 silly gunzTarPerm extractEntry internal/isIterateeCall.js
747 silly gunzTarPerm modified mode [ 'internal/isIterateeCall.js', 420, 436 ]
748 silly gunzTarPerm extractEntry internal/baseFindIndex.js
749 silly gunzTarPerm modified mode [ 'internal/baseFindIndex.js', 420, 436 ]
750 silly gunzTarPerm extractEntry internal/isKey.js
751 silly gunzTarPerm modified mode [ 'internal/isKey.js', 420, 436 ]
752 silly gunzTarPerm extractEntry internal/baseFind.js
753 silly gunzTarPerm modified mode [ 'internal/baseFind.js', 420, 436 ]
754 silly gunzTarPerm extractEntry internal/isLaziable.js
755 silly gunzTarPerm modified mode [ 'internal/isLaziable.js', 420, 436 ]
756 silly gunzTarPerm extractEntry internal/baseFilter.js
757 silly gunzTarPerm modified mode [ 'internal/baseFilter.js', 420, 436 ]
758 silly gunzTarPerm extractEntry internal/isLength.js
759 silly gunzTarPerm modified mode [ 'internal/isLength.js', 420, 436 ]
760 silly gunzTarPerm extractEntry internal/baseFill.js
761 silly gunzTarPerm modified mode [ 'internal/baseFill.js', 420, 436 ]
762 silly gunzTarPerm extractEntry internal/isObjectLike.js
763 silly gunzTarPerm modified mode [ 'internal/isObjectLike.js', 420, 436 ]
764 silly gunzTarPerm extractEntry internal/baseExtremum.js
765 silly gunzTarPerm modified mode [ 'internal/baseExtremum.js', 420, 436 ]
766 silly gunzTarPerm extractEntry internal/isSpace.js
767 silly gunzTarPerm modified mode [ 'internal/isSpace.js', 420, 436 ]
768 silly gunzTarPerm extractEntry internal/baseEvery.js
769 silly gunzTarPerm modified mode [ 'internal/baseEvery.js', 420, 436 ]
770 silly gunzTarPerm extractEntry internal/isStrictComparable.js
771 silly gunzTarPerm modified mode [ 'internal/isStrictComparable.js', 420, 436 ]
772 silly gunzTarPerm extractEntry internal/baseEachRight.js
773 silly gunzTarPerm modified mode [ 'internal/baseEachRight.js', 420, 436 ]
774 silly gunzTarPerm extractEntry internal/lazyClone.js
775 silly gunzTarPerm modified mode [ 'internal/lazyClone.js', 420, 436 ]
776 silly gunzTarPerm extractEntry internal/baseEach.js
777 silly gunzTarPerm modified mode [ 'internal/baseEach.js', 420, 436 ]
778 silly gunzTarPerm extractEntry internal/lazyReverse.js
779 silly gunzTarPerm modified mode [ 'internal/lazyReverse.js', 420, 436 ]
780 silly gunzTarPerm extractEntry internal/baseDifference.js
781 silly gunzTarPerm modified mode [ 'internal/baseDifference.js', 420, 436 ]
782 silly gunzTarPerm extractEntry internal/lazyValue.js
783 silly gunzTarPerm modified mode [ 'internal/lazyValue.js', 420, 436 ]
784 silly gunzTarPerm extractEntry internal/baseDelay.js
785 silly gunzTarPerm modified mode [ 'internal/baseDelay.js', 420, 436 ]
786 silly gunzTarPerm extractEntry internal/mapDelete.js
787 silly gunzTarPerm modified mode [ 'internal/mapDelete.js', 420, 436 ]
788 silly gunzTarPerm extractEntry internal/baseCreate.js
789 silly gunzTarPerm modified mode [ 'internal/baseCreate.js', 420, 436 ]
790 silly gunzTarPerm extractEntry internal/mapGet.js
791 silly gunzTarPerm modified mode [ 'internal/mapGet.js', 420, 436 ]
792 silly gunzTarPerm extractEntry internal/baseCopy.js
793 silly gunzTarPerm modified mode [ 'internal/baseCopy.js', 420, 436 ]
794 silly gunzTarPerm extractEntry internal/mapHas.js
795 silly gunzTarPerm modified mode [ 'internal/mapHas.js', 420, 436 ]
796 silly gunzTarPerm extractEntry internal/baseCompareAscending.js
797 silly gunzTarPerm modified mode [ 'internal/baseCompareAscending.js', 420, 436 ]
798 silly gunzTarPerm extractEntry internal/mapSet.js
799 silly gunzTarPerm modified mode [ 'internal/mapSet.js', 420, 436 ]
800 silly gunzTarPerm extractEntry internal/baseClone.js
801 silly gunzTarPerm modified mode [ 'internal/baseClone.js', 420, 436 ]
802 silly gunzTarPerm extractEntry internal/mergeData.js
803 silly gunzTarPerm modified mode [ 'internal/mergeData.js', 420, 436 ]
804 silly gunzTarPerm extractEntry internal/baseCallback.js
805 silly gunzTarPerm modified mode [ 'internal/baseCallback.js', 420, 436 ]
806 silly gunzTarPerm extractEntry internal/metaMap.js
807 silly gunzTarPerm modified mode [ 'internal/metaMap.js', 420, 436 ]
808 silly gunzTarPerm extractEntry internal/baseAt.js
809 silly gunzTarPerm modified mode [ 'internal/baseAt.js', 420, 436 ]
810 silly gunzTarPerm extractEntry internal/pickByArray.js
811 silly gunzTarPerm modified mode [ 'internal/pickByArray.js', 420, 436 ]
812 silly gunzTarPerm extractEntry internal/baseAssign.js
813 silly gunzTarPerm modified mode [ 'internal/baseAssign.js', 420, 436 ]
814 silly gunzTarPerm extractEntry internal/pickByCallback.js
815 silly gunzTarPerm modified mode [ 'internal/pickByCallback.js', 420, 436 ]
816 silly gunzTarPerm extractEntry internal/assignWith.js
817 silly gunzTarPerm modified mode [ 'internal/assignWith.js', 420, 436 ]
818 silly gunzTarPerm extractEntry internal/reEscape.js
819 silly gunzTarPerm modified mode [ 'internal/reEscape.js', 420, 436 ]
820 silly gunzTarPerm extractEntry internal/assignOwnDefaults.js
821 silly gunzTarPerm modified mode [ 'internal/assignOwnDefaults.js', 420, 436 ]
822 silly gunzTarPerm extractEntry internal/reEvaluate.js
823 silly gunzTarPerm modified mode [ 'internal/reEvaluate.js', 420, 436 ]
824 silly gunzTarPerm extractEntry internal/assignDefaults.js
825 silly gunzTarPerm modified mode [ 'internal/assignDefaults.js', 420, 436 ]
826 silly gunzTarPerm extractEntry internal/reInterpolate.js
827 silly gunzTarPerm modified mode [ 'internal/reInterpolate.js', 420, 436 ]
828 silly gunzTarPerm extractEntry internal/arraySum.js
829 silly gunzTarPerm modified mode [ 'internal/arraySum.js', 420, 436 ]
830 silly gunzTarPerm extractEntry internal/realNames.js
831 silly gunzTarPerm modified mode [ 'internal/realNames.js', 420, 436 ]
832 silly gunzTarPerm extractEntry internal/arraySome.js
833 silly gunzTarPerm modified mode [ 'internal/arraySome.js', 420, 436 ]
834 silly gunzTarPerm extractEntry internal/reorder.js
835 silly gunzTarPerm modified mode [ 'internal/reorder.js', 420, 436 ]
836 silly gunzTarPerm extractEntry internal/arrayReduceRight.js
837 silly gunzTarPerm modified mode [ 'internal/arrayReduceRight.js', 420, 436 ]
838 silly gunzTarPerm extractEntry internal/replaceHolders.js
839 silly gunzTarPerm modified mode [ 'internal/replaceHolders.js', 420, 436 ]
840 silly gunzTarPerm extractEntry internal/arrayReduce.js
841 silly gunzTarPerm modified mode [ 'internal/arrayReduce.js', 420, 436 ]
842 silly gunzTarPerm extractEntry internal/setData.js
843 silly gunzTarPerm modified mode [ 'internal/setData.js', 420, 436 ]
844 silly gunzTarPerm extractEntry internal/arrayMap.js
845 silly gunzTarPerm modified mode [ 'internal/arrayMap.js', 420, 436 ]
846 silly gunzTarPerm extractEntry internal/shimIsPlainObject.js
847 silly gunzTarPerm modified mode [ 'internal/shimIsPlainObject.js', 420, 436 ]
848 silly gunzTarPerm extractEntry internal/arrayFilter.js
849 silly gunzTarPerm modified mode [ 'internal/arrayFilter.js', 420, 436 ]
850 silly gunzTarPerm extractEntry internal/shimKeys.js
851 silly gunzTarPerm modified mode [ 'internal/shimKeys.js', 420, 436 ]
852 silly gunzTarPerm extractEntry internal/arrayExtremum.js
853 silly gunzTarPerm modified mode [ 'internal/arrayExtremum.js', 420, 436 ]
854 silly gunzTarPerm extractEntry internal/sortedUniq.js
855 silly gunzTarPerm modified mode [ 'internal/sortedUniq.js', 420, 436 ]
856 silly gunzTarPerm extractEntry internal/arrayEvery.js
857 silly gunzTarPerm modified mode [ 'internal/arrayEvery.js', 420, 436 ]
858 silly gunzTarPerm extractEntry internal/toIterable.js
859 silly gunzTarPerm modified mode [ 'internal/toIterable.js', 420, 436 ]
860 silly gunzTarPerm extractEntry internal/arrayEachRight.js
861 silly gunzTarPerm modified mode [ 'internal/arrayEachRight.js', 420, 436 ]
862 silly gunzTarPerm extractEntry internal/toObject.js
863 silly gunzTarPerm modified mode [ 'internal/toObject.js', 420, 436 ]
864 silly gunzTarPerm extractEntry internal/arrayEach.js
865 silly gunzTarPerm modified mode [ 'internal/arrayEach.js', 420, 436 ]
866 silly gunzTarPerm extractEntry internal/toPath.js
867 silly gunzTarPerm modified mode [ 'internal/toPath.js', 420, 436 ]
868 silly gunzTarPerm extractEntry internal/arrayCopy.js
869 silly gunzTarPerm modified mode [ 'internal/arrayCopy.js', 420, 436 ]
870 silly gunzTarPerm extractEntry internal/trimmedLeftIndex.js
871 silly gunzTarPerm modified mode [ 'internal/trimmedLeftIndex.js', 420, 436 ]
872 silly gunzTarPerm extractEntry internal/SetCache.js
873 silly gunzTarPerm modified mode [ 'internal/SetCache.js', 420, 436 ]
874 silly gunzTarPerm extractEntry internal/trimmedRightIndex.js
875 silly gunzTarPerm modified mode [ 'internal/trimmedRightIndex.js', 420, 436 ]
876 silly gunzTarPerm extractEntry internal/MapCache.js
877 silly gunzTarPerm modified mode [ 'internal/MapCache.js', 420, 436 ]
878 silly gunzTarPerm extractEntry internal/unescapeHtmlChar.js
879 silly gunzTarPerm modified mode [ 'internal/unescapeHtmlChar.js', 420, 436 ]
880 silly gunzTarPerm extractEntry internal/LodashWrapper.js
881 silly gunzTarPerm modified mode [ 'internal/LodashWrapper.js', 420, 436 ]
882 silly gunzTarPerm extractEntry internal/wrapperClone.js
883 silly gunzTarPerm modified mode [ 'internal/wrapperClone.js', 420, 436 ]
884 silly gunzTarPerm extractEntry internal/composeArgsRight.js
885 silly gunzTarPerm modified mode [ 'internal/composeArgsRight.js', 420, 436 ]
886 silly gunzTarPerm extractEntry LICENSE.txt
887 silly gunzTarPerm modified mode [ 'LICENSE.txt', 420, 436 ]
888 silly gunzTarPerm extractEntry utility/attempt.js
889 silly gunzTarPerm modified mode [ 'utility/attempt.js', 420, 436 ]
890 silly gunzTarPerm extractEntry utility/iteratee.js
891 silly gunzTarPerm modified mode [ 'utility/iteratee.js', 420, 436 ]
892 silly gunzTarPerm extractEntry utility/matches.js
893 silly gunzTarPerm modified mode [ 'utility/matches.js', 420, 436 ]
894 silly gunzTarPerm extractEntry utility/matchesProperty.js
895 silly gunzTarPerm modified mode [ 'utility/matchesProperty.js', 420, 436 ]
896 silly gunzTarPerm extractEntry utility/method.js
897 silly gunzTarPerm modified mode [ 'utility/method.js', 420, 436 ]
898 silly gunzTarPerm extractEntry utility/identity.js
899 silly gunzTarPerm modified mode [ 'utility/identity.js', 420, 436 ]
900 silly gunzTarPerm extractEntry utility/mixin.js
901 silly gunzTarPerm modified mode [ 'utility/mixin.js', 420, 436 ]
902 silly gunzTarPerm extractEntry utility/noop.js
903 silly gunzTarPerm modified mode [ 'utility/noop.js', 420, 436 ]
904 silly gunzTarPerm extractEntry utility/property.js
905 silly gunzTarPerm modified mode [ 'utility/property.js', 420, 436 ]
906 silly gunzTarPerm extractEntry utility/propertyOf.js
907 silly gunzTarPerm modified mode [ 'utility/propertyOf.js', 420, 436 ]
908 silly gunzTarPerm extractEntry utility/range.js
909 silly gunzTarPerm modified mode [ 'utility/range.js', 420, 436 ]
910 silly gunzTarPerm extractEntry utility/constant.js
911 silly gunzTarPerm modified mode [ 'utility/constant.js', 420, 436 ]
912 silly gunzTarPerm extractEntry utility/times.js
913 silly gunzTarPerm modified mode [ 'utility/times.js', 420, 436 ]
914 silly gunzTarPerm extractEntry utility/callback.js
915 silly gunzTarPerm modified mode [ 'utility/callback.js', 420, 436 ]
916 silly gunzTarPerm extractEntry utility/uniqueId.js
917 silly gunzTarPerm modified mode [ 'utility/uniqueId.js', 420, 436 ]
918 silly gunzTarPerm extractEntry utility/methodOf.js
919 silly gunzTarPerm modified mode [ 'utility/methodOf.js', 420, 436 ]
920 silly gunzTarPerm extractEntry lang/clone.js
921 silly gunzTarPerm modified mode [ 'lang/clone.js', 420, 436 ]
922 silly gunzTarPerm extractEntry lang/isEqual.js
923 silly gunzTarPerm modified mode [ 'lang/isEqual.js', 420, 436 ]
924 silly gunzTarPerm extractEntry lang/isError.js
925 silly gunzTarPerm modified mode [ 'lang/isError.js', 420, 436 ]
926 silly gunzTarPerm extractEntry lang/isFinite.js
927 silly gunzTarPerm modified mode [ 'lang/isFinite.js', 420, 436 ]
928 silly gunzTarPerm extractEntry lang/isFunction.js
929 silly gunzTarPerm modified mode [ 'lang/isFunction.js', 420, 436 ]
930 silly gunzTarPerm extractEntry lang/isEmpty.js
931 silly gunzTarPerm modified mode [ 'lang/isEmpty.js', 420, 436 ]
932 silly gunzTarPerm extractEntry lang/isNaN.js
933 silly gunzTarPerm modified mode [ 'lang/isNaN.js', 420, 436 ]
934 silly gunzTarPerm extractEntry lang/isNative.js
935 silly gunzTarPerm modified mode [ 'lang/isNative.js', 420, 436 ]
936 silly gunzTarPerm extractEntry lang/isNull.js
937 silly gunzTarPerm modified mode [ 'lang/isNull.js', 420, 436 ]
938 silly gunzTarPerm extractEntry lang/isNumber.js
939 silly gunzTarPerm modified mode [ 'lang/isNumber.js', 420, 436 ]
940 silly gunzTarPerm extractEntry lang/isObject.js
941 silly gunzTarPerm modified mode [ 'lang/isObject.js', 420, 436 ]
942 silly gunzTarPerm extractEntry lang/isElement.js
943 silly gunzTarPerm modified mode [ 'lang/isElement.js', 420, 436 ]
944 silly gunzTarPerm extractEntry lang/isPlainObject.js
945 silly gunzTarPerm modified mode [ 'lang/isPlainObject.js', 420, 436 ]
946 silly gunzTarPerm extractEntry lang/isDate.js
947 silly gunzTarPerm modified mode [ 'lang/isDate.js', 420, 436 ]
948 silly gunzTarPerm extractEntry lang/isRegExp.js
949 silly gunzTarPerm modified mode [ 'lang/isRegExp.js', 420, 436 ]
950 silly gunzTarPerm extractEntry lang/isBoolean.js
951 silly gunzTarPerm modified mode [ 'lang/isBoolean.js', 420, 436 ]
952 silly gunzTarPerm extractEntry lang/isString.js
953 silly gunzTarPerm modified mode [ 'lang/isString.js', 420, 436 ]
954 silly gunzTarPerm extractEntry lang/isArray.js
955 silly gunzTarPerm modified mode [ 'lang/isArray.js', 420, 436 ]
956 silly gunzTarPerm extractEntry lang/isTypedArray.js
957 silly gunzTarPerm modified mode [ 'lang/isTypedArray.js', 420, 436 ]
958 silly gunzTarPerm extractEntry lang/isArguments.js
959 silly gunzTarPerm modified mode [ 'lang/isArguments.js', 420, 436 ]
960 silly gunzTarPerm extractEntry lang/isUndefined.js
961 silly gunzTarPerm modified mode [ 'lang/isUndefined.js', 420, 436 ]
962 silly gunzTarPerm extractEntry lang/gte.js
963 silly gunzTarPerm modified mode [ 'lang/gte.js', 420, 436 ]
964 silly gunzTarPerm extractEntry lang/lt.js
965 silly gunzTarPerm modified mode [ 'lang/lt.js', 420, 436 ]
966 silly gunzTarPerm extractEntry lang/gt.js
967 silly gunzTarPerm modified mode [ 'lang/gt.js', 420, 436 ]
968 silly gunzTarPerm extractEntry lang/lte.js
969 silly gunzTarPerm modified mode [ 'lang/lte.js', 420, 436 ]
970 silly gunzTarPerm extractEntry lang/eq.js
971 silly gunzTarPerm modified mode [ 'lang/eq.js', 420, 436 ]
972 silly gunzTarPerm extractEntry lang/toArray.js
973 silly gunzTarPerm modified mode [ 'lang/toArray.js', 420, 436 ]
974 silly gunzTarPerm extractEntry lang/cloneDeep.js
975 silly gunzTarPerm modified mode [ 'lang/cloneDeep.js', 420, 436 ]
976 silly gunzTarPerm extractEntry lang/toPlainObject.js
977 silly gunzTarPerm modified mode [ 'lang/toPlainObject.js', 420, 436 ]
978 silly gunzTarPerm extractEntry lang/isMatch.js
979 silly gunzTarPerm modified mode [ 'lang/isMatch.js', 420, 436 ]
980 verbose write writing to /home/louis/Documents/testU/node_modules/grunt-karma/node_modules/lodash/package.json
981 info preinstall lodash@3.9.3
982 verbose readDependencies loading dependencies from /home/louis/Documents/testU/node_modules/grunt-karma/node_modules/lodash/package.json
983 verbose readDependencies loading dependencies from /home/louis/Documents/testU/node_modules/grunt-karma/node_modules/lodash/package.json
984 silly install resolved []
985 verbose about to build /home/louis/Documents/testU/node_modules/grunt-karma/node_modules/lodash
986 info build /home/louis/Documents/testU/node_modules/grunt-karma/node_modules/lodash
987 info linkStuff lodash@3.9.3
988 silly linkStuff lodash@3.9.3 has /home/louis/Documents/testU/node_modules/grunt-karma/node_modules as its parent node_modules
989 verbose linkBins lodash@3.9.3
990 verbose linkMans lodash@3.9.3
991 verbose rebuildBundles lodash@3.9.3
992 info install lodash@3.9.3
993 info postinstall lodash@3.9.3
994 verbose unlock done using /home/louis/.npm/_locks/lodash-f75dd716a6a340be.lock for /home/louis/Documents/testU/node_modules/grunt-karma/node_modules/lodash
995 verbose about to build /home/louis/Documents/testU/node_modules/grunt-karma
996 info build /home/louis/Documents/testU/node_modules/grunt-karma
997 info linkStuff grunt-karma@0.11.0
998 silly linkStuff grunt-karma@0.11.0 has /home/louis/Documents/testU/node_modules as its parent node_modules
999 verbose linkBins grunt-karma@0.11.0
1000 verbose linkMans grunt-karma@0.11.0
1001 verbose rebuildBundles grunt-karma@0.11.0
1002 verbose rebuildBundles [ 'lodash' ]
1003 info install grunt-karma@0.11.0
1004 info postinstall grunt-karma@0.11.0
1005 verbose readDependencies loading dependencies from /home/louis/Documents/testU/package.json
1006 verbose targetResolver reading package data from /home/louis/Documents/testU/node_modules/bower/package.json
1007 verbose targetResolver reading package data from /home/louis/Documents/testU/node_modules/grunt/package.json
1008 verbose targetResolver reading package data from /home/louis/Documents/testU/node_modules/grunt-contrib-connect/package.json
1009 verbose targetResolver reading package data from /home/louis/Documents/testU/node_modules/grunt-contrib-jshint/package.json
1010 verbose targetResolver reading package data from /home/louis/Documents/testU/node_modules/grunt-contrib-nodeunit/package.json
1011 verbose targetResolver reading package data from /home/louis/Documents/testU/node_modules/grunt-contrib-uglify/package.json
1012 verbose targetResolver reading package data from /home/louis/Documents/testU/node_modules/grunt-contrib-watch/package.json
1013 verbose targetResolver reading package data from /home/louis/Documents/testU/node_modules/grunt-karma/package.json
1014 verbose targetResolver reading package data from /home/louis/Documents/testU/node_modules/grunt-protractor-runner/package.json
1015 verbose targetResolver reading package data from /home/louis/Documents/testU/node_modules/grunt-sass/package.json
1016 verbose targetResolver reading package data from /home/louis/Documents/testU/node_modules/grunt-serve/package.json
1017 verbose targetResolver reading package data from /home/louis/Documents/testU/node_modules/karma/package.json
1018 verbose targetResolver reading package data from /home/louis/Documents/testU/node_modules/karma-chrome-launcher/package.json
1019 verbose targetResolver reading package data from /home/louis/Documents/testU/node_modules/karma-coffee-preprocessor/package.json
1020 verbose targetResolver reading package data from /home/louis/Documents/testU/node_modules/karma-firefox-launcher/package.json
1021 verbose targetResolver reading package data from /home/louis/Documents/testU/node_modules/karma-html2js-preprocessor/package.json
1022 verbose targetResolver reading package data from /home/louis/Documents/testU/node_modules/karma-jasmine/package.json
1023 verbose targetResolver reading package data from /home/louis/Documents/testU/node_modules/karma-phantomjs-launcher/package.json
1024 verbose targetResolver reading package data from /home/louis/Documents/testU/node_modules/karma-requirejs/package.json
1025 verbose targetResolver reading package data from /home/louis/Documents/testU/node_modules/karma-script-launcher/package.json
1026 verbose targetResolver reading package data from /home/louis/Documents/testU/node_modules/matchdep/package.json
1027 verbose targetResolver reading package data from /home/louis/Documents/testU/node_modules/protractor/package.json
1028 verbose targetResolver reading package data from /home/louis/Documents/testU/node_modules/requirejs/package.json
1029 verbose targetResolver reading package data from /home/louis/Documents/testU/node_modules/.bin/bower/package.json
1030 verbose targetResolver reading package data from /home/louis/Documents/testU/node_modules/.bin/karma/package.json
1031 verbose targetResolver reading package data from /home/louis/Documents/testU/node_modules/.bin/protractor/package.json
1032 verbose targetResolver reading package data from /home/louis/Documents/testU/node_modules/.bin/r.js/package.json
1033 verbose targetResolver reading package data from /home/louis/Documents/testU/node_modules/.bin/webdriver-manager/package.json
1034 verbose already installed skipping karma@~0.12.0 /home/louis/Documents/testU
1035 silly install resolved []
1036 verbose unlock done using /home/louis/.npm/_locks/grunt-karma-9310792d0e92081c.lock for /home/louis/Documents/testU/node_modules/grunt-karma
1037 verbose validateInstall loading /home/louis/Documents/testU/package.json for validation
1038 verbose stack Error: The package karma does not satisfy its siblings' peerDependencies requirements!
1038 verbose stack     at /usr/lib/node_modules/npm/lib/install.js:125:32
1038 verbose stack     at /usr/lib/node_modules/npm/lib/install.js:267:7
1038 verbose stack     at /usr/lib/node_modules/npm/node_modules/read-installed/read-installed.js:138:5
1038 verbose stack     at /usr/lib/node_modules/npm/node_modules/read-installed/read-installed.js:251:14
1038 verbose stack     at cb (/usr/lib/node_modules/npm/node_modules/slide/lib/async-map.js:47:24)
1038 verbose stack     at /usr/lib/node_modules/npm/node_modules/read-installed/read-installed.js:251:14
1038 verbose stack     at cb (/usr/lib/node_modules/npm/node_modules/slide/lib/async-map.js:47:24)
1038 verbose stack     at /usr/lib/node_modules/npm/node_modules/read-installed/read-installed.js:251:14
1038 verbose stack     at cb (/usr/lib/node_modules/npm/node_modules/slide/lib/async-map.js:47:24)
1038 verbose stack     at /usr/lib/node_modules/npm/node_modules/read-installed/read-installed.js:251:14
1039 verbose cwd /home/louis/Documents/testU
1040 error Linux 3.18.5-101.fc20.x86_64
1041 error argv "node" "/usr/bin/npm" "install" "grunt-karma" "--save-dev"
1042 error node v0.10.36
1043 error npm  v2.9.1
1044 error code EPEERINVALID
1045 error peerinvalid The package karma does not satisfy its siblings' peerDependencies requirements!
1045 error peerinvalid Peer karma-html2js-preprocessor@0.1.0 wants karma@>=0.9
1045 error peerinvalid Peer karma-jasmine@0.1.5 wants karma@>=0.9
1045 error peerinvalid Peer karma-requirejs@0.2.2 wants karma@>=0.9
1045 error peerinvalid Peer karma-script-launcher@0.1.0 wants karma@>=0.9
1045 error peerinvalid Peer grunt-karma@0.11.0 wants karma@~0.12.0
1045 error peerinvalid Peer karma-coffee-preprocessor@0.1.3 wants karma@>=0.9
1045 error peerinvalid Peer karma-phantomjs-launcher@0.1.4 wants karma@>=0.9
1046 verbose exit [ 1, true ]
